<?xml version="1.0" encoding="UTF-8"?>
<!-- Generated by org.testng.reporters.JUnitReportReporter -->
<testsuite skipped="0" hostname="DESKTOP-8V9ACPV" name="runner.TC001_Login" tests="2" failures="0" timestamp="05 Oct 2019 10:43:28 GMT" time="34.640" errors="0">
  <testcase name="runScenario" time="17.643" classname="runner.TC001_Login"/>
  <testcase name="runScenario" time="16.997" classname="runner.TC001_Login"/>
</testsuite> <!-- runner.TC001_Login -->
